TN:
SF:lib/AtomicData.ts
FNF:0
FNH:0
DA:9,3
LF:1
LH:1
BRF:0
BRH:0
end_of_record
TN:
SF:lib/main.ts
FN:1,(anonymous_0)
FN:2,(anonymous_1)
FN:3,(anonymous_2)
FN:6,(anonymous_3)
FN:6,(anonymous_4)
FN:7,(anonymous_5)
FN:7,(anonymous_6)
FN:8,(anonymous_7)
FN:8,(anonymous_8)
FN:9,(anonymous_9)
FN:9,(anonymous_10)
FN:10,(anonymous_11)
FN:14,(anonymous_12)
FN:15,(anonymous_13)
FN:16,(anonymous_14)
FN:17,(anonymous_15)
FNF:16
FNH:4
FNDA:0,(anonymous_0)
FNDA:0,(anonymous_1)
FNDA:18,(anonymous_2)
FNDA:3,(anonymous_3)
FNDA:3,(anonymous_4)
FNDA:0,(anonymous_5)
FNDA:0,(anonymous_6)
FNDA:0,(anonymous_7)
FNDA:0,(anonymous_8)
FNDA:0,(anonymous_9)
FNDA:1,(anonymous_10)
FNDA:0,(anonymous_11)
FNDA:0,(anonymous_12)
FNDA:0,(anonymous_13)
FNDA:0,(anonymous_14)
FNDA:0,(anonymous_15)
DA:1,2
DA:2,2
DA:3,20
DA:6,5
DA:7,2
DA:8,2
DA:9,3
DA:10,2
DA:13,2
DA:14,2
DA:15,2
DA:16,2
DA:17,2
LF:13
LH:13
BRF:0
BRH:0
end_of_record
TN:
SF:lib/io/common.ts
FN:16,(anonymous_0)
FN:26,(anonymous_1)
FN:30,(anonymous_2)
FN:35,hasSelectiveDynamics
FN:36,(anonymous_4)
FNF:5
FNH:5
FNDA:400,(anonymous_0)
FNDA:23,(anonymous_1)
FNDA:2,(anonymous_2)
FNDA:15,hasSelectiveDynamics
FNDA:46,(anonymous_4)
DA:11,11
DA:21,400
DA:22,400
DA:23,400
DA:27,23
DA:31,2
DA:35,11
DA:36,46
LF:8
LH:8
BRDA:19,0,0,244
BRF:1
BRH:1
end_of_record
TN:
SF:lib/io/crystal.ts
FN:39,(anonymous_0)
FN:56,(anonymous_1)
FN:64,(anonymous_2)
FN:72,(anonymous_3)
FN:80,(anonymous_4)
FN:85,(anonymous_5)
FN:97,(anonymous_6)
FN:124,(anonymous_7)
FN:134,(anonymous_8)
FN:142,(anonymous_9)
FN:158,(anonymous_10)
FN:186,(anonymous_11)
FN:200,(anonymous_12)
FN:210,(anonymous_13)
FN:221,(anonymous_14)
FN:225,(anonymous_15)
FN:246,(anonymous_16)
FN:249,(anonymous_17)
FN:260,(anonymous_18)
FN:262,(anonymous_19)
FN:273,(anonymous_20)
FN:285,(anonymous_21)
FN:312,(anonymous_22)
FNF:23
FNH:23
FNDA:101,(anonymous_0)
FNDA:43,(anonymous_1)
FNDA:4,(anonymous_2)
FNDA:6,(anonymous_3)
FNDA:2,(anonymous_4)
FNDA:1,(anonymous_5)
FNDA:32,(anonymous_6)
FNDA:24,(anonymous_7)
FNDA:19,(anonymous_8)
FNDA:13,(anonymous_9)
FNDA:17,(anonymous_10)
FNDA:8,(anonymous_11)
FNDA:11,(anonymous_12)
FNDA:6,(anonymous_13)
FNDA:21,(anonymous_14)
FNDA:11,(anonymous_15)
FNDA:101,(anonymous_16)
FNDA:295,(anonymous_17)
FNDA:98,(anonymous_18)
FNDA:176,(anonymous_19)
FNDA:96,(anonymous_20)
FNDA:420,(anonymous_21)
FNDA:12,(anonymous_22)
DA:1,11
DA:2,11
DA:21,11
DA:48,101
DA:49,98
DA:50,96
DA:57,43
DA:65,4
DA:73,6
DA:81,2
DA:86,1
DA:98,32
DA:99,32
DA:100,21
DA:101,21
DA:104,32
DA:106,32
DA:107,21
DA:108,11
DA:109,1
DA:111,10
DA:125,24
DA:126,6
DA:129,18
DA:130,18
DA:133,18
DA:134,19
DA:137,18
DA:139,12
DA:142,12
DA:143,13
DA:159,17
DA:160,6
DA:164,11
DA:167,11
DA:170,11
DA:191,8
DA:192,2
DA:197,6
DA:200,11
DA:202,3
DA:207,3
DA:210,6
DA:212,2
DA:214,1
DA:220,7
DA:221,21
DA:225,7
DA:226,11
DA:230,11
DA:233,7
DA:247,101
DA:248,2
DA:249,99
DA:250,295
DA:251,1
DA:253,98
DA:261,98
DA:262,97
DA:263,176
DA:264,1
DA:266,96
DA:283,96
DA:285,95
DA:286,420
DA:288,13
DA:294,12
DA:295,11
DA:302,1
DA:313,12
DA:314,1
LF:71
LH:71
BRDA:99,0,0,21
BRDA:99,0,1,11
BRDA:106,1,0,21
BRDA:106,1,1,11
BRDA:106,2,0,32
BRDA:106,2,1,15
BRDA:108,3,0,1
BRDA:108,3,1,10
BRDA:125,4,0,6
BRDA:125,4,1,18
BRDA:125,5,0,24
BRDA:125,5,1,24
BRDA:137,6,0,12
BRDA:137,6,1,6
BRDA:143,7,0,3
BRDA:143,7,1,10
BRDA:159,8,0,6
BRDA:159,8,1,11
BRDA:159,9,0,17
BRDA:159,9,1,17
BRDA:191,10,0,2
BRDA:191,10,1,6
BRDA:197,11,0,3
BRDA:197,11,1,3
BRDA:198,12,0,6
BRDA:198,12,1,6
BRDA:198,12,2,5
BRDA:207,13,0,2
BRDA:207,13,1,1
BRDA:208,14,0,3
BRDA:208,14,1,3
BRDA:208,14,2,2
BRDA:210,15,0,6
BRDA:210,15,1,6
BRDA:247,16,0,2
BRDA:247,16,1,99
BRDA:247,17,0,101
BRDA:247,17,1,100
BRDA:250,18,0,1
BRDA:250,18,1,294
BRDA:250,19,0,295
BRDA:250,19,1,295
BRDA:261,20,0,1
BRDA:261,20,1,97
BRDA:263,21,0,1
BRDA:263,21,1,175
BRDA:283,22,0,1
BRDA:283,22,1,95
BRDA:286,23,0,407
BRDA:286,23,1,13
BRDA:288,24,0,12
BRDA:288,24,1,1
BRDA:289,25,0,13
BRDA:289,25,1,13
BRDA:289,25,2,12
BRDA:289,25,3,12
BRDA:298,26,0,11
BRDA:298,26,1,10
BRDA:313,27,0,1
BRDA:313,27,1,11
BRDA:313,28,0,12
BRDA:313,28,1,12
BRF:62
BRH:62
end_of_record
TN:
SF:lib/io/math.ts
FN:4,degToRad
FN:8,multiplyMatrixVector
FN:13,(anonymous_2)
FN:17,cellLengthsAnglesToLattice
FN:45,fractionalToCartesian
FNF:5
FNH:5
FNDA:27,degToRad
FNDA:32,multiplyMatrixVector
FNDA:96,(anonymous_2)
FNDA:9,cellLengthsAnglesToLattice
FNDA:90,fractionalToCartesian
DA:4,11
DA:5,27
DA:8,11
DA:12,32
DA:13,96
DA:17,11
DA:25,9
DA:26,9
DA:27,9
DA:29,9
DA:30,9
DA:35,9
DA:37,9
DA:39,9
DA:40,9
DA:42,9
DA:45,11
DA:49,90
DA:50,90
LF:19
LH:19
BRF:0
BRH:0
end_of_record
TN:
SF:lib/io/molecule.ts
FN:12,(anonymous_0)
FN:18,(anonymous_1)
FN:22,(anonymous_2)
FN:26,(anonymous_3)
FN:30,(anonymous_4)
FN:34,(anonymous_5)
FN:39,(anonymous_6)
FN:44,(anonymous_7)
FN:48,(anonymous_8)
FN:51,(anonymous_9)
FN:55,(anonymous_10)
FN:63,(anonymous_11)
FN:65,(anonymous_12)
FN:72,(anonymous_13)
FN:74,(anonymous_14)
FN:81,(anonymous_15)
FNF:16
FNH:0
FNDA:0,(anonymous_0)
FNDA:0,(anonymous_1)
FNDA:0,(anonymous_2)
FNDA:0,(anonymous_3)
FNDA:0,(anonymous_4)
FNDA:0,(anonymous_5)
FNDA:0,(anonymous_6)
FNDA:0,(anonymous_7)
FNDA:0,(anonymous_8)
FNDA:0,(anonymous_9)
FNDA:0,(anonymous_10)
FNDA:0,(anonymous_11)
FNDA:0,(anonymous_12)
FNDA:0,(anonymous_13)
FNDA:0,(anonymous_14)
FNDA:0,(anonymous_15)
DA:1,0
DA:8,0
DA:13,0
DA:14,0
DA:19,0
DA:23,0
DA:27,0
DA:31,0
DA:35,0
DA:40,0
DA:41,0
DA:45,0
DA:49,0
DA:51,0
DA:56,0
DA:64,0
DA:65,0
DA:66,0
DA:67,0
DA:69,0
DA:73,0
DA:74,0
DA:75,0
DA:76,0
DA:77,0
DA:82,0
DA:83,0
LF:27
LH:0
BRDA:64,0,0,0
BRDA:64,0,1,0
BRDA:66,1,0,0
BRDA:66,1,1,0
BRDA:73,2,0,0
BRDA:73,2,1,0
BRDA:75,3,0,0
BRDA:75,3,1,0
BRDA:82,4,0,0
BRDA:82,4,1,0
BRDA:82,5,0,0
BRDA:82,5,1,0
BRF:12
BRH:0
end_of_record
TN:
SF:lib/io/utils.ts
FN:1,stringToLines
FN:4,(anonymous_1)
FNF:2
FNH:2
FNDA:39,stringToLines
FNDA:6621,(anonymous_1)
DA:1,7
DA:2,39
DA:4,6621
LF:3
LH:3
BRF:0
BRH:0
end_of_record
TN:
SF:lib/io/volumetric.ts
FN:38,(anonymous_0)
FN:63,(anonymous_1)
FN:67,(anonymous_2)
FN:84,(anonymous_3)
FN:91,(anonymous_4)
FN:98,(anonymous_5)
FN:105,(anonymous_6)
FN:110,(anonymous_7)
FN:114,(anonymous_8)
FN:119,(anonymous_9)
FN:122,(anonymous_10)
FN:126,(anonymous_11)
FN:135,(anonymous_12)
FN:144,(anonymous_13)
FN:148,(anonymous_14)
FNF:15
FNH:15
FNDA:22,(anonymous_0)
FNDA:6,(anonymous_1)
FNDA:2,(anonymous_2)
FNDA:9,(anonymous_3)
FNDA:8,(anonymous_4)
FNDA:7,(anonymous_5)
FNDA:8027,(anonymous_6)
FNDA:10,(anonymous_7)
FNDA:3,(anonymous_8)
FNDA:1,(anonymous_9)
FNDA:2,(anonymous_10)
FNDA:3,(anonymous_11)
FNDA:2,(anonymous_12)
FNDA:1,(anonymous_13)
FNDA:11,(anonymous_14)
DA:24,3
DA:31,22
DA:36,22
DA:46,22
DA:47,22
DA:49,22
DA:50,1
DA:55,21
DA:56,21
DA:57,21
DA:58,21
DA:59,21
DA:60,21
DA:64,6
DA:70,2
DA:71,2
DA:72,3
DA:73,5
DA:74,10
DA:75,10
DA:76,10
DA:81,2
DA:85,9
DA:86,8
DA:88,9
DA:92,8
DA:93,2
DA:95,8
DA:99,7
DA:100,1
DA:102,7
DA:106,8027
DA:107,8027
DA:111,10
DA:115,3
DA:116,3
DA:120,1
DA:121,1
DA:122,2
DA:127,3
DA:128,3
DA:136,2
DA:137,2
DA:145,1
DA:149,11
DA:150,11
DA:151,11
DA:152,11
DA:154,11
DA:155,70
DA:156,70
DA:157,70
DA:158,70
DA:161,11
DA:162,11
DA:163,11
DA:164,11
LF:57
LH:57
BRDA:46,0,0,20
BRDA:49,1,0,1
BRDA:49,1,1,21
BRDA:85,2,0,8
BRDA:85,2,1,1
BRDA:85,3,0,9
BRDA:85,3,1,1
BRDA:92,4,0,2
BRDA:92,4,1,6
BRDA:92,5,0,8
BRDA:92,5,1,6
BRDA:99,6,0,1
BRDA:99,6,1,6
BRDA:99,7,0,7
BRDA:99,7,1,6
BRDA:105,8,0,8001
BRDA:110,9,0,6
BRDA:114,10,0,3
BRDA:156,11,0,14
BRDA:156,11,1,56
BRDA:157,12,0,48
BRDA:157,12,1,22
BRF:22
BRH:22
end_of_record
TN:
SF:lib/io/cif/cif.ts
FN:7,dot
FN:11,norm
FN:15,radToDeg
FN:19,cartesianToFractional
FN:60,structureToCif
FN:93,(anonymous_5)
FN:105,cifToStructure
FN:181,(anonymous_7)
FN:182,(anonymous_8)
FN:183,(anonymous_9)
FN:184,(anonymous_10)
FNF:11
FNH:11
FNDA:24,dot
FNDA:12,norm
FNDA:12,radToDeg
FNDA:9,cartesianToFractional
FNDA:4,structureToCif
FNDA:9,(anonymous_5)
FNDA:9,cifToStructure
FNDA:27,(anonymous_7)
FNDA:36,(anonymous_8)
FNDA:45,(anonymous_9)
FNDA:20,(anonymous_10)
DA:1,3
DA:2,3
DA:3,3
DA:5,3
DA:8,24
DA:12,12
DA:16,12
DA:23,9
DA:27,9
DA:31,9
DA:32,0
DA:35,9
DA:53,9
DA:60,3
DA:64,4
DA:66,4
DA:67,4
DA:68,4
DA:70,4
DA:71,4
DA:72,4
DA:74,4
DA:93,4
DA:94,9
DA:95,9
DA:97,9
DA:102,4
DA:105,3
DA:106,9
DA:109,9
DA:110,9
DA:111,9
DA:112,9
DA:113,9
DA:114,9
DA:117,9
DA:118,9
DA:120,9
DA:121,9
DA:122,9
DA:124,9
DA:125,243
DA:126,243
DA:129,243
DA:130,234
DA:131,9
DA:132,225
DA:133,9
DA:134,216
DA:135,9
DA:136,207
DA:137,9
DA:138,198
DA:139,9
DA:141,189
DA:142,11
DA:143,11
DA:144,11
DA:145,11
DA:149,232
DA:150,57
DA:152,57
DA:153,47
DA:156,57
DA:160,175
DA:161,92
DA:163,90
DA:164,9
DA:166,90
DA:168,92
DA:172,9
DA:173,0
DA:176,9
DA:178,9
DA:179,9
DA:181,27
DA:182,36
DA:183,45
DA:184,20
DA:186,9
DA:187,0
DA:190,9
DA:191,90
DA:197,90
DA:199,90
DA:200,90
DA:201,16
DA:202,16
DA:205,90
DA:208,9
LF:90
LH:87
BRDA:31,0,0,0
BRDA:31,0,1,9
BRDA:62,1,0,4
BRDA:126,2,0,0
BRDA:126,2,1,243
BRDA:129,3,0,9
BRDA:129,3,1,234
BRDA:130,4,0,9
BRDA:130,4,1,225
BRDA:132,5,0,9
BRDA:132,5,1,216
BRDA:134,6,0,9
BRDA:134,6,1,207
BRDA:136,7,0,9
BRDA:136,7,1,198
BRDA:138,8,0,9
BRDA:138,8,1,189
BRDA:141,9,0,11
BRDA:141,9,1,178
BRDA:149,10,0,57
BRDA:149,10,1,175
BRDA:149,11,0,232
BRDA:149,11,1,149
BRDA:152,12,0,47
BRDA:152,12,1,10
BRDA:160,13,0,92
BRDA:160,13,1,83
BRDA:160,14,0,175
BRDA:160,14,1,92
BRDA:161,15,0,90
BRDA:161,15,1,2
BRDA:163,16,0,9
BRDA:163,16,1,81
BRDA:172,17,0,0
BRDA:172,17,1,9
BRDA:186,18,0,0
BRDA:186,18,1,9
BRDA:186,19,0,9
BRDA:186,19,1,9
BRDA:186,19,2,9
BRDA:186,19,3,9
BRDA:200,20,0,16
BRDA:200,20,1,74
BRF:43
BRH:39
end_of_record
TN:
SF:lib/io/gaussian/cube.ts
FN:17,volumetricToCube
FN:29,(anonymous_1)
FN:31,(anonymous_2)
FN:40,(anonymous_3)
FN:41,(anonymous_4)
FN:50,(anonymous_5)
FN:58,(anonymous_6)
FN:62,(anonymous_7)
FN:92,parseCube
FN:177,(anonymous_9)
FN:185,(anonymous_10)
FN:195,(anonymous_11)
FN:195,(anonymous_12)
FN:238,cubeToVolumetric
FN:243,cubeToStructure
FNF:15
FNH:15
FNDA:1,volumetricToCube
FNDA:3,(anonymous_1)
FNDA:3,(anonymous_2)
FNDA:9,(anonymous_3)
FNDA:9,(anonymous_4)
FNDA:679,(anonymous_5)
FNDA:57,(anonymous_6)
FNDA:57,(anonymous_7)
FNDA:4,parseCube
FNDA:12,(anonymous_9)
FNDA:76,(anonymous_10)
FNDA:12,(anonymous_11)
FNDA:36,(anonymous_12)
FNDA:2,cubeToVolumetric
FNDA:2,cubeToStructure
DA:1,3
DA:3,3
DA:4,3
DA:5,3
DA:7,3
DA:8,3
DA:10,3
DA:11,3
DA:17,3
DA:21,1
DA:24,1
DA:25,1
DA:28,1
DA:29,3
DA:30,1
DA:31,3
DA:35,1
DA:36,1
DA:38,1
DA:39,3
DA:40,9
DA:41,9
DA:45,1
DA:46,19
DA:49,19
DA:50,679
DA:53,19
DA:54,0
DA:57,19
DA:58,57
DA:59,19
DA:61,19
DA:62,57
DA:67,1
DA:68,1
DA:70,1
DA:71,1
DA:72,20
DA:73,400
DA:74,8000
DA:75,8000
DA:77,8000
DA:78,1333
DA:79,1333
DA:85,1
DA:86,1
DA:89,1
DA:92,3
DA:102,4
DA:105,4
DA:108,4
DA:109,4
DA:110,4
DA:115,4
DA:118,4
DA:119,4
DA:120,4
DA:122,4
DA:132,4
DA:139,4
DA:140,4
DA:141,4
DA:143,4
DA:144,76
DA:145,76
DA:147,76
DA:148,76
DA:149,76
DA:155,76
DA:156,76
DA:157,76
DA:159,76
DA:160,76
DA:161,8
DA:162,8
DA:163,8
DA:166,76
DA:170,4
DA:176,4
DA:178,12
DA:185,4
DA:186,76
DA:194,4
DA:195,36
DA:198,4
DA:205,4
DA:206,4
DA:207,4
DA:209,4
DA:210,5868
DA:211,5868
DA:212,32000
DA:213,32000
DA:214,32000
DA:215,32000
DA:220,4
DA:222,4
DA:223,0
DA:227,4
DA:235,4
DA:238,3
DA:239,2
DA:240,2
DA:243,3
DA:244,2
DA:245,2
LF:106
LH:104
BRDA:53,0,0,0
BRDA:53,0,1,19
BRDA:59,1,0,19
BRDA:59,1,1,0
BRDA:77,2,0,1333
BRDA:77,2,1,6667
BRDA:85,3,0,1
BRDA:85,3,1,0
BRDA:94,4,0,4
BRDA:95,5,0,4
BRDA:96,6,0,4
BRDA:145,7,0,0
BRDA:145,7,1,76
BRDA:156,8,0,0
BRDA:156,8,1,76
BRDA:160,9,0,8
BRDA:160,9,1,68
BRDA:209,10,0,5872
BRDA:209,10,1,5868
BRDA:212,11,0,0
BRDA:212,11,1,32000
BRDA:213,12,0,32000
BRDA:213,12,1,0
BRDA:222,13,0,0
BRDA:222,13,1,4
BRF:25
BRH:17
end_of_record
TN:
SF:lib/io/qe/pw.ts
FN:10,parsePw
FN:61,(anonymous_1)
FN:111,pwToStructure
FNF:3
FNH:3
FNDA:4,parsePw
FNDA:276,(anonymous_1)
FNDA:4,pwToStructure
DA:1,2
DA:2,2
DA:3,2
DA:10,2
DA:14,4
DA:15,4
DA:18,4
DA:19,134
DA:20,134
DA:22,122
DA:23,4
DA:24,4
DA:25,4
DA:26,12
DA:27,12
DA:28,12
DA:29,12
DA:31,12
DA:34,4
DA:35,4
DA:39,4
DA:40,0
DA:43,4
DA:44,4
DA:45,4
DA:46,164
DA:47,164
DA:49,152
DA:50,4
DA:51,4
DA:52,4
DA:53,4
DA:56,148
DA:57,93
DA:58,93
DA:61,276
DA:63,1
DA:65,92
DA:69,4
DA:70,0
DA:72,4
DA:75,4
DA:76,4
DA:77,92
DA:78,92
DA:82,4
DA:83,4
DA:84,92
DA:85,92
DA:86,92
DA:89,92
DA:90,88
DA:96,4
DA:99,92
DA:102,4
DA:111,2
DA:112,4
DA:113,4
LF:58
LH:56
BRDA:20,0,0,12
BRDA:20,0,1,122
BRDA:20,1,0,134
BRDA:20,1,1,134
BRDA:22,2,0,4
BRDA:22,2,1,118
BRDA:25,3,0,16
BRDA:25,3,1,12
BRDA:27,4,0,12
BRDA:27,4,1,0
BRDA:34,5,0,0
BRDA:34,5,1,4
BRDA:39,6,0,0
BRDA:39,6,1,4
BRDA:47,7,0,12
BRDA:47,7,1,152
BRDA:47,8,0,164
BRDA:47,8,1,164
BRDA:49,9,0,4
BRDA:49,9,1,148
BRDA:52,10,0,4
BRDA:52,10,1,0
BRDA:56,11,0,93
BRDA:56,11,1,55
BRDA:58,12,0,1
BRDA:58,12,1,92
BRDA:59,13,0,93
BRDA:59,13,1,92
BRDA:59,13,2,92
BRDA:69,14,0,0
BRDA:69,14,1,4
BRDA:78,15,0,5
BRDA:78,15,1,87
BRDA:89,16,0,88
BRDA:89,16,1,4
BRF:35
BRH:30
end_of_record
TN:
SF:lib/io/vasp/chgcar.ts
FN:6,cellVolume
FN:19,chgcarToVolumetric
FN:23,(anonymous_2)
FN:29,(anonymous_3)
FN:74,latticeToGridBasis
FNF:5
FNH:0
FNDA:0,cellVolume
FNDA:0,chgcarToVolumetric
FNDA:0,(anonymous_2)
FNDA:0,(anonymous_3)
FNDA:0,latticeToGridBasis
DA:2,0
DA:3,0
DA:7,0
DA:8,0
DA:19,0
DA:23,0
DA:25,0
DA:27,0
DA:29,0
DA:31,0
DA:32,0
DA:35,0
DA:36,0
DA:38,0
DA:39,0
DA:41,0
DA:42,0
DA:43,0
DA:44,0
DA:45,0
DA:46,0
DA:49,0
DA:52,0
DA:53,0
DA:57,0
DA:58,0
DA:59,0
DA:60,0
DA:63,0
DA:71,0
DA:78,0
DA:79,0
LF:32
LH:0
BRDA:31,0,0,0
BRDA:31,0,1,0
BRDA:31,1,0,0
BRDA:31,1,1,0
BRDA:31,1,2,0
BRDA:42,2,0,0
BRDA:42,2,1,0
BRDA:45,3,0,0
BRDA:45,3,1,0
BRDA:52,4,0,0
BRDA:52,4,1,0
BRF:11
BRH:0
end_of_record
TN:
SF:lib/io/vasp/poscar.ts
FN:10,structureToPoscar
FN:22,(anonymous_1)
FN:23,(anonymous_2)
FN:28,(anonymous_3)
FN:31,(anonymous_4)
FN:32,(anonymous_5)
FN:44,(anonymous_6)
FN:46,(anonymous_7)
FN:47,(anonymous_8)
FN:48,(anonymous_9)
FN:53,(anonymous_10)
FN:64,parsePoscar
FN:78,(anonymous_12)
FN:92,(anonymous_13)
FN:106,(anonymous_14)
FN:130,(anonymous_15)
FN:144,poscarToStructure
FNF:17
FNH:16
FNDA:6,structureToPoscar
FNDA:18,(anonymous_1)
FNDA:54,(anonymous_2)
FNDA:29,(anonymous_3)
FNDA:10,(anonymous_4)
FNDA:43,(anonymous_5)
FNDA:10,(anonymous_6)
FNDA:43,(anonymous_7)
FNDA:29,(anonymous_8)
FNDA:87,(anonymous_9)
FNDA:6,(anonymous_10)
FNDA:9,parsePoscar
FNDA:81,(anonymous_12)
FNDA:0,(anonymous_13)
FNDA:17,(anonymous_14)
FNDA:12,(anonymous_15)
FNDA:9,poscarToStructure
DA:1,3
DA:2,3
DA:4,3
DA:5,3
DA:10,3
DA:14,6
DA:16,6
DA:18,6
DA:19,6
DA:22,6
DA:23,54
DA:27,6
DA:28,29
DA:30,6
DA:32,43
DA:36,6
DA:37,6
DA:39,6
DA:41,6
DA:44,6
DA:45,10
DA:46,43
DA:48,87
DA:49,29
DA:50,2
DA:53,6
DA:54,2
DA:56,27
DA:61,6
DA:64,3
DA:68,9
DA:70,9
DA:71,9
DA:73,9
DA:74,9
DA:75,27
DA:78,81
DA:82,9
DA:84,9
DA:85,9
DA:86,9
DA:89,9
DA:91,9
DA:92,0
DA:95,9
DA:96,9
DA:97,2
DA:98,2
DA:101,9
DA:102,9
DA:104,9
DA:106,9
DA:107,17
DA:108,38
DA:111,38
DA:112,7
DA:124,31
DA:127,38
DA:129,38
DA:130,12
DA:131,4
DA:134,38
DA:138,9
DA:144,3
DA:145,9
DA:146,9
LF:66
LH:65
BRDA:12,0,0,6
BRDA:39,1,0,1
BRDA:39,1,1,5
BRDA:49,2,0,2
BRDA:49,2,1,27
BRDA:50,3,0,2
BRDA:50,3,1,0
BRDA:53,4,0,0
BRDA:53,4,1,6
BRDA:84,5,0,9
BRDA:84,5,1,0
BRDA:91,6,0,0
BRDA:91,6,1,9
BRDA:96,7,0,2
BRDA:96,7,1,7
BRDA:111,8,0,7
BRDA:111,8,1,31
BRDA:129,9,0,4
BRDA:129,9,1,34
BRDA:131,10,0,4
BRDA:131,10,1,0
BRF:21
BRH:16
end_of_record
TN:
SF:lib/io/xsf/xsf.ts
FN:8,structureToXsf
FN:18,(anonymous_1)
FN:19,(anonymous_2)
FN:28,(anonymous_3)
FN:31,(anonymous_4)
FN:38,xsfToStructure
FNF:6
FNH:6
FNDA:2,structureToXsf
FNDA:6,(anonymous_1)
FNDA:18,(anonymous_2)
FNDA:3,(anonymous_3)
FNDA:9,(anonymous_4)
FNDA:4,xsfToStructure
DA:1,3
DA:2,3
DA:3,3
DA:8,3
DA:12,2
DA:14,2
DA:15,2
DA:18,2
DA:19,18
DA:22,2
DA:25,2
DA:28,2
DA:29,3
DA:30,3
DA:31,9
DA:35,2
DA:38,3
DA:39,4
DA:41,4
DA:42,4
DA:43,4
DA:44,4
DA:47,4
DA:48,4
DA:49,4
DA:52,4
DA:53,12
DA:57,4
DA:58,4
DA:59,4
DA:62,4
DA:64,4
DA:65,6
DA:66,6
DA:67,6
DA:70,6
DA:71,6
DA:72,6
DA:73,6
DA:76,6
DA:79,4
LF:41
LH:41
BRDA:10,0,0,2
BRDA:47,1,0,8
BRDA:47,1,1,8
BRDA:48,2,0,0
BRDA:48,2,1,4
BRDA:57,3,0,4
BRDA:57,3,1,4
BRDA:58,4,0,0
BRDA:58,4,1,4
BRDA:71,5,0,6
BRDA:71,5,1,0
BRF:11
BRH:8
end_of_record
TN:
SF:lib/io/xyz/xyz.ts
FN:8,structureToXyz
FN:52,(anonymous_1)
FN:61,xyzToStructure
FN:133,(anonymous_3)
FNF:4
FNH:4
FNDA:7,structureToXyz
FNDA:6,(anonymous_1)
FNDA:9,xyzToStructure
FNDA:12,(anonymous_3)
DA:1,3
DA:2,3
DA:3,3
DA:8,3
DA:12,7
DA:13,7
DA:14,7
DA:16,7
DA:18,7
DA:19,7
DA:31,7
DA:39,7
DA:41,7
DA:42,16
DA:43,16
DA:45,16
DA:47,16
DA:48,2
DA:52,6
DA:55,16
DA:58,7
DA:61,3
DA:62,9
DA:64,9
DA:65,9
DA:66,9
DA:67,0
DA:69,9
DA:70,9
DA:73,9
DA:74,9
DA:75,16
DA:76,16
DA:77,16
DA:81,9
DA:82,8
DA:83,8
DA:85,8
DA:91,1
DA:95,8
DA:96,8
DA:97,8
DA:98,8
DA:99,8
DA:100,8
DA:101,8
DA:102,18
DA:103,18
DA:104,18
DA:105,18
DA:106,18
DA:107,18
DA:111,8
DA:112,8
DA:113,8
DA:116,8
DA:117,18
DA:118,18
DA:119,18
DA:120,12
DA:121,12
DA:123,18
DA:124,18
DA:128,18
DA:130,18
DA:131,4
DA:133,12
DA:135,4
DA:136,4
DA:140,18
DA:143,8
LF:71
LH:70
BRDA:10,0,0,7
BRDA:34,1,0,1
BRDA:34,1,1,6
BRDA:47,2,0,2
BRDA:47,2,1,14
BRDA:48,3,0,2
BRDA:48,3,1,0
BRDA:52,4,0,2
BRDA:52,4,1,4
BRDA:66,5,0,0
BRDA:66,5,1,9
BRDA:76,6,0,8
BRDA:76,6,1,8
BRDA:81,7,0,8
BRDA:81,7,1,1
BRDA:83,8,0,0
BRDA:83,8,1,8
BRDA:98,9,0,8
BRDA:98,9,1,0
BRDA:104,10,0,8
BRDA:104,10,1,10
BRDA:105,11,0,8
BRDA:105,11,1,10
BRDA:106,12,0,2
BRDA:106,12,1,16
BRDA:119,13,0,12
BRDA:119,13,1,6
BRDA:130,14,0,4
BRDA:130,14,1,14
BRDA:135,15,0,4
BRDA:135,15,1,0
BRF:31
BRH:26
end_of_record
TN:
SF:lib/units/units.ts
FN:42,convertMeasurement
FN:49,(anonymous_1)
FN:57,convertMeasurementArray
FN:64,(anonymous_3)
FN:71,(anonymous_4)
FN:76,(anonymous_5)
FN:86,(anonymous_6)
FN:91,(anonymous_7)
FNF:8
FNH:8
FNDA:4,convertMeasurement
FNDA:8,(anonymous_1)
FNDA:1,convertMeasurementArray
FNDA:2,(anonymous_3)
FNDA:424,(anonymous_4)
FNDA:848,(anonymous_5)
FNDA:96,(anonymous_6)
FNDA:287,(anonymous_7)
DA:11,4
DA:22,4
DA:29,4
DA:36,4
DA:42,4
DA:49,8
DA:50,4
DA:51,4
DA:52,4
DA:53,3
DA:54,3
DA:57,4
DA:64,2
DA:67,4
DA:76,848
DA:77,424
DA:78,424
DA:79,424
DA:80,399
DA:91,287
LF:20
LH:20
BRDA:49,0,0,8
BRDA:49,0,1,8
BRDA:52,1,0,1
BRDA:52,1,1,3
BRDA:76,2,0,848
BRDA:76,2,1,843
BRDA:79,3,0,25
BRDA:79,3,1,399
BRF:8
BRH:8
end_of_record
